<?xml version="1.0" encoding="UTF-8"?>
<!-- Generated by org.testng.reporters.JUnitReportReporter -->
<testsuite hostname="DESKTOP-6AAEQ5A" failures="0" tests="2" name="testNGXML.NewTest4" time="0.008" errors="0" timestamp="2024-07-21T23:15:43 IST" skipped="0">
  <testcase classname="testNGXML.NewTest4" name="f" time="0.006">
    <system-out>
      <![CDATA[F is running]]>
    </system-out>
  </testcase> <!-- f -->
  <testcase classname="testNGXML.NewTest4" name="g" time="0.002">
    <system-out>
      <![CDATA[G is running]]>
    </system-out>
  </testcase> <!-- g -->
  <system-out>
    <![CDATA[A is running
C is running
D is running
F is running
G is running]]>
  </system-out>
</testsuite> <!-- testNGXML.NewTest4 -->
