<?xml version="1.0" encoding="UTF-8"?>
<!-- Generated by org.testng.reporters.JUnitReportReporter -->
<testsuite hostname="DESKTOP-6AAEQ5A" failures="0" tests="4" name="testNGkeywords.Sample" time="0.031" errors="0" timestamp="2024-07-18T07:48:45 IST" skipped="0">
  <testcase classname="testNGkeywords.Sample" name="mytest" time="0.021">
    <system-out>
      <![CDATA[My test is running]]>
    </system-out>
  </testcase> <!-- mytest -->
  <testcase classname="testNGkeywords.Sample" name="mytest" time="0.003">
    <system-out>
      <![CDATA[My test is running]]>
    </system-out>
  </testcase> <!-- mytest -->
  <testcase classname="testNGkeywords.Sample" name="mytest" time="0.004">
    <system-out>
      <![CDATA[My test is running]]>
    </system-out>
  </testcase> <!-- mytest -->
  <testcase classname="testNGkeywords.Sample" name="mytest" time="0.003">
    <system-out>
      <![CDATA[My test is running]]>
    </system-out>
  </testcase> <!-- mytest -->
  <system-out>
    <![CDATA[My test is running
My test is running
My test is running
My test is running]]>
  </system-out>
</testsuite> <!-- testNGkeywords.Sample -->
