<?xml version="1.0" encoding="UTF-8"?>
<!-- Generated by org.testng.reporters.JUnitReportReporter -->
<testsuite hostname="DESKTOP-6AAEQ5A" failures="0" tests="1" name="testNGXML.Ajio" time="14.568" errors="0" timestamp="2024-07-22T07:19:50 IST" skipped="0">
  <testcase classname="testNGXML.Ajio" name="Ajio" time="14.568"/>
</testsuite> <!-- testNGXML.Ajio -->
