<?xml version="1.0" encoding="UTF-8"?>
<!-- Generated by org.testng.reporters.JUnitReportReporter -->
<testsuite hostname="DESKTOP-6AAEQ5A" failures="0" tests="2" name="testNg.BeforeAfterClass" time="0.041" errors="0" timestamp="2024-07-13T13:07:46 IST" skipped="0">
  <testcase classname="testNg.BeforeAfterClass" name="f1" time="0.025">
    <system-out>
      <![CDATA[test method1 is running]]>
    </system-out>
  </testcase> <!-- f1 -->
  <testcase classname="testNg.BeforeAfterClass" name="f" time="0.016">
    <system-out>
      <![CDATA[test method is running]]>
    </system-out>
  </testcase> <!-- f -->
  <system-out>
    <![CDATA[Before class is running
before method is running
test method is running
after method is running
before method is running
test method1 is running
after method is running
After class is running]]>
  </system-out>
</testsuite> <!-- testNg.BeforeAfterClass -->
