<?xml version="1.0" encoding="UTF-8"?>
<!-- Generated by org.testng.reporters.JUnitReportReporter -->
<testsuite hostname="DESKTOP-6AAEQ5A" failures="0" tests="4" name="testNGXML.NewTest2" time="0.066" errors="0" timestamp="2024-07-21T22:53:43 IST" skipped="0">
  <testcase classname="testNGXML.NewTest2" name="e" time="0.010">
    <system-out>
      <![CDATA[E is running]]>
    </system-out>
  </testcase> <!-- e -->
  <testcase classname="testNGXML.NewTest2" name="f" time="0.036">
    <system-out>
      <![CDATA[F is running]]>
    </system-out>
  </testcase> <!-- f -->
  <testcase classname="testNGXML.NewTest2" name="h" time="0.002">
    <system-out>
      <![CDATA[H is running]]>
    </system-out>
  </testcase> <!-- h -->
  <testcase classname="testNGXML.NewTest2" name="g" time="0.018">
    <system-out>
      <![CDATA[G is running]]>
    </system-out>
  </testcase> <!-- g -->
  <system-out>
    <![CDATA[I is running
J is running
K is running
L is running
E is running
F is running
G is running
H is running
A is running
B is running
C is running
D is running]]>
  </system-out>
</testsuite> <!-- testNGXML.NewTest2 -->
