<?xml version="1.0" encoding="UTF-8"?>
<!-- Generated by org.testng.reporters.JUnitReportReporter -->
<testsuite hostname="DESKTOP-6AAEQ5A" failures="0" tests="1" name="testNGXML.Amazon" time="12.553" errors="0" timestamp="2024-07-22T07:19:50 IST" skipped="0">
  <testcase classname="testNGXML.Amazon" name="AmazonTest" time="12.553"/>
</testsuite> <!-- testNGXML.Amazon -->
