<?xml version="1.0" encoding="UTF-8"?>
<!-- Generated by org.testng.reporters.JUnitReportReporter -->
<testsuite hostname="DESKTOP-6AAEQ5A" failures="0" tests="2" name="testNg.BeforeAfterMethod" time="0.036" errors="0" timestamp="2024-07-13T12:31:24 IST" skipped="0">
  <testcase classname="testNg.BeforeAfterMethod" name="f2" time="0.017">
    <system-out>
      <![CDATA[Test Method2 is running]]>
    </system-out>
  </testcase> <!-- f2 -->
  <testcase classname="testNg.BeforeAfterMethod" name="f1" time="0.019">
    <system-out>
      <![CDATA[Test Method1 is running]]>
    </system-out>
  </testcase> <!-- f1 -->
  <system-out>
    <![CDATA[before Method is running
Test Method1 is running
after Method is running
before Method is running
Test Method2 is running
after Method is running]]>
  </system-out>
</testsuite> <!-- testNg.BeforeAfterMethod -->
