<?xml version="1.0" encoding="UTF-8"?>
<!-- Generated by org.testng.reporters.JUnitReportReporter -->
<testsuite hostname="DESKTOP-6AAEQ5A" failures="0" tests="3" name="testNGkeywords.EnabledTest" time="0.040" errors="0" timestamp="2024-07-19T20:47:25 IST" skipped="0">
  <testcase classname="testNGkeywords.EnabledTest" name="a" time="0.017">
    <system-out>
      <![CDATA[A is running]]>
    </system-out>
  </testcase> <!-- a -->
  <testcase classname="testNGkeywords.EnabledTest" name="c" time="0.007">
    <system-out>
      <![CDATA[C is running]]>
    </system-out>
  </testcase> <!-- c -->
  <testcase classname="testNGkeywords.EnabledTest" name="b" time="0.016">
    <system-out>
      <![CDATA[B is running]]>
    </system-out>
  </testcase> <!-- b -->
  <system-out>
    <![CDATA[A is running
B is running
C is running]]>
  </system-out>
</testsuite> <!-- testNGkeywords.EnabledTest -->
