<?xml version="1.0" encoding="UTF-8"?>
<!-- Generated by org.testng.reporters.JUnitReportReporter -->
<testsuite hostname="DESKTOP-6AAEQ5A" failures="0" tests="2" name="testNg.TestNgDemo" time="0.047" errors="0" timestamp="2024-07-24T10:40:44 IST" skipped="0">
  <testcase classname="testNg.TestNgDemo" name="m3" time="0.024">
    <system-out>
      <![CDATA[Velocity]]>
    </system-out>
  </testcase> <!-- m3 -->
  <testcase classname="testNg.TestNgDemo" name="f" time="0.023">
    <system-out>
      <![CDATA[Sahil]]>
    </system-out>
  </testcase> <!-- f -->
  <system-out>
    <![CDATA[Sahil
Velocity]]>
  </system-out>
</testsuite> <!-- testNg.TestNgDemo -->
