<?xml version="1.0" encoding="UTF-8"?>
<!-- Generated by org.testng.reporters.JUnitReportReporter -->
<testsuite hostname="DESKTOP-6AAEQ5A" failures="0" tests="3" name="testNGXML.NewTest5" time="0.026" errors="0" timestamp="2024-07-21T23:15:43 IST" skipped="0">
  <testcase classname="testNGXML.NewTest5" name="d" time="0.004">
    <system-out>
      <![CDATA[D is running]]>
    </system-out>
  </testcase> <!-- d -->
  <testcase classname="testNGXML.NewTest5" name="a" time="0.018">
    <system-out>
      <![CDATA[A is running]]>
    </system-out>
  </testcase> <!-- a -->
  <testcase classname="testNGXML.NewTest5" name="c" time="0.004">
    <system-out>
      <![CDATA[C is running]]>
    </system-out>
  </testcase> <!-- c -->
  <system-out>
    <![CDATA[A is running
C is running
D is running
F is running
G is running]]>
  </system-out>
</testsuite> <!-- testNGXML.NewTest5 -->
