<?xml version="1.0" encoding="UTF-8"?>
<!-- Generated by org.testng.reporters.JUnitReportReporter -->
<testsuite hostname="DESKTOP-6AAEQ5A" failures="0" tests="4" name="testNGkeywords.PriorityTest" time="0.028" errors="0" timestamp="2024-07-19T20:39:08 IST" skipped="0">
  <testcase classname="testNGkeywords.PriorityTest" name="d" time="0.018">
    <system-out>
      <![CDATA[D is running]]>
    </system-out>
  </testcase> <!-- d -->
  <testcase classname="testNGkeywords.PriorityTest" name="a" time="0.004">
    <system-out>
      <![CDATA[A is running]]>
    </system-out>
  </testcase> <!-- a -->
  <testcase classname="testNGkeywords.PriorityTest" name="c" time="0.003">
    <system-out>
      <![CDATA[C is running]]>
    </system-out>
  </testcase> <!-- c -->
  <testcase classname="testNGkeywords.PriorityTest" name="b" time="0.003">
    <system-out>
      <![CDATA[B is running]]>
    </system-out>
  </testcase> <!-- b -->
  <system-out>
    <![CDATA[D is running
A is running
C is running
B is running]]>
  </system-out>
</testsuite> <!-- testNGkeywords.PriorityTest -->
