<?xml version="1.0" encoding="UTF-8"?>
<!-- Generated by org.testng.reporters.JUnitReportReporter -->
<testsuite hostname="DESKTOP-6AAEQ5A" failures="0" tests="1" name="verificationUsingTestNG.AssertEqualsNotEquals" time="0.022" errors="0" timestamp="2024-07-24T10:49:35 IST" skipped="0">
  <testcase classname="verificationUsingTestNG.AssertEqualsNotEquals" name="method" time="0.022"/>
</testsuite> <!-- verificationUsingTestNG.AssertEqualsNotEquals -->
