<?xml version="1.0" encoding="UTF-8"?>
<!-- Generated by org.testng.reporters.JUnitReportReporter -->
<testsuite hostname="DESKTOP-6AAEQ5A" failures="0" tests="3" name="crossBrowserTesting.FBSignUp" time="45.810" errors="0" timestamp="2024-07-24T11:45:46 IST" skipped="0">
  <testcase classname="crossBrowserTesting.FBSignUp" name="f" time="17.258"/>
  <testcase classname="crossBrowserTesting.FBSignUp" name="f" time="11.910"/>
  <testcase classname="crossBrowserTesting.FBSignUp" name="f" time="16.642"/>
</testsuite> <!-- crossBrowserTesting.FBSignUp -->
