<?xml version="1.0" encoding="UTF-8"?>
<!-- Generated by org.testng.reporters.JUnitReportReporter -->
<testsuite hostname="DESKTOP-6AAEQ5A" failures="0" tests="4" name="testNGkeywords.InvocationCountTest" time="0.030" errors="0" timestamp="2024-07-19T20:35:05 IST" skipped="0">
  <testcase classname="testNGkeywords.InvocationCountTest" name="mytest" time="0.023">
    <system-out>
      <![CDATA[My test is running]]>
    </system-out>
  </testcase> <!-- mytest -->
  <testcase classname="testNGkeywords.InvocationCountTest" name="mytest" time="0.002">
    <system-out>
      <![CDATA[My test is running]]>
    </system-out>
  </testcase> <!-- mytest -->
  <testcase classname="testNGkeywords.InvocationCountTest" name="mytest" time="0.003">
    <system-out>
      <![CDATA[My test is running]]>
    </system-out>
  </testcase> <!-- mytest -->
  <testcase classname="testNGkeywords.InvocationCountTest" name="mytest" time="0.002">
    <system-out>
      <![CDATA[My test is running]]>
    </system-out>
  </testcase> <!-- mytest -->
  <system-out>
    <![CDATA[My test is running
My test is running
My test is running
My test is running]]>
  </system-out>
</testsuite> <!-- testNGkeywords.InvocationCountTest -->
